生成启动时间为 2016/4/27 星期三 20:14:06。
     1>项目“D:\Users\thhy\Documents\Visual Studio 2012\Projects\Project2\Project2\Project2.vcxproj”在节点 2 上(Build 个目标)。
     1>ClCompile:
         D:\Program Files (x86)\Microsoft Visual Studio 11.0\VC\bin\x86_amd64\CL.exe /c /Zi /nologo /W3 /WX- /O2 /Oi /GL /D _MBCS /Gm- /EHsc /MD /GS /Gy /fp:precise /Zc:wchar_t /Zc:forScope /Fo"x64\Release\\" /Fd"x64\Release\vc110.pdb" /Gd /TP /errorReport:prompt paserurl.cpp
         paserurl.cpp
     1>paserurl.cpp : warning C4819: 该文件包含不能在当前代码页(936)中表示的字符。请将该文件保存为 Unicode 格式以防止数据丢失
     1>paserurl.cpp(16): warning C4129: “.”: 不可识别的字符转义序列
     1>paserurl.cpp(16): warning C4129: “&”: 不可识别的字符转义序列
       Link:
         D:\Program Files (x86)\Microsoft Visual Studio 11.0\VC\bin\x86_amd64\link.exe /ERRORREPORT:PROMPT /OUT:"D:\Users\thhy\Documents\Visual Studio 2012\Projects\Project2\x64\Release\Project2.exe" /NOLOGO kernel32.lib user32.lib gdi32.lib winspool.lib comdlg32.lib advapi32.lib shell32.lib ole32.lib oleaut32.lib uuid.lib odbc32.lib odbccp32.lib /MANIFEST /MANIFESTUAC:"level='asInvoker' uiAccess='false'" /manifest:embed /DEBUG /PDB:"D:\Users\thhy\Documents\Visual Studio 2012\Projects\Project2\x64\Release\Project2.pdb" /OPT:REF /OPT:ICF /LTCG /TLBID:1 /DYNAMICBASE /NXCOMPAT /IMPLIB:"D:\Users\thhy\Documents\Visual Studio 2012\Projects\Project2\x64\Release\Project2.lib" /MACHINE:X64 x64\Release\bloomfliter.obj
         x64\Release\caculateass.obj
         x64\Release\downloadurl.obj
         x64\Release\insertsql.obj
         x64\Release\main.obj
         x64\Release\mainwindow.obj
         x64\Release\myurl.obj
         x64\Release\paserurl.obj
         x64\Release\simplehash.obj
         正在生成代码
         已完成代码的生成
         Project2.vcxproj -> D:\Users\thhy\Documents\Visual Studio 2012\Projects\Project2\x64\Release\Project2.exe
     1>已完成生成项目“D:\Users\thhy\Documents\Visual Studio 2012\Projects\Project2\Project2\Project2.vcxproj”(Build 个目标)的操作。

生成成功。

已用时间 00:00:02.65
