D:\USERS\THHY\DOCUMENTS\VISUAL STUDIO 2012\PROJECTS\PROJECT2\PROJECT2\DEBUG\BLOOMFLITER.OBJ
D:\USERS\THHY\DOCUMENTS\VISUAL STUDIO 2012\PROJECTS\PROJECT2\PROJECT2\DEBUG\CACULATEASS.OBJ
D:\USERS\THHY\DOCUMENTS\VISUAL STUDIO 2012\PROJECTS\PROJECT2\PROJECT2\DEBUG\DOWNLOADURL.OBJ
D:\USERS\THHY\DOCUMENTS\VISUAL STUDIO 2012\PROJECTS\PROJECT2\PROJECT2\DEBUG\INSERTSQL.OBJ
D:\USERS\THHY\DOCUMENTS\VISUAL STUDIO 2012\PROJECTS\PROJECT2\PROJECT2\DEBUG\MAIN.OBJ
D:\USERS\THHY\DOCUMENTS\VISUAL STUDIO 2012\PROJECTS\PROJECT2\PROJECT2\DEBUG\MAINWINDOW.OBJ
D:\USERS\THHY\DOCUMENTS\VISUAL STUDIO 2012\PROJECTS\PROJECT2\PROJECT2\DEBUG\MYURL.OBJ
D:\USERS\THHY\DOCUMENTS\VISUAL STUDIO 2012\PROJECTS\PROJECT2\PROJECT2\DEBUG\PASERURL.OBJ
D:\USERS\THHY\DOCUMENTS\VISUAL STUDIO 2012\PROJECTS\PROJECT2\PROJECT2\DEBUG\SIMPLEHASH.OBJ
D:\USERS\THHY\DOCUMENTS\VISUAL STUDIO 2012\PROJECTS\PROJECT2\PROJECT2\DEBUG\VC110.PDB
d:\Users\thhy\documents\visual studio 2012\Projects\Project2\Project2\Debug\bloomfliter.obj
d:\Users\thhy\documents\visual studio 2012\Projects\Project2\Project2\Debug\caculateass.obj
d:\Users\thhy\documents\visual studio 2012\Projects\Project2\Project2\Debug\downloadurl.obj
d:\Users\thhy\documents\visual studio 2012\Projects\Project2\Project2\Debug\insertsql.obj
d:\Users\thhy\documents\visual studio 2012\Projects\Project2\Project2\Debug\main.obj
d:\Users\thhy\documents\visual studio 2012\Projects\Project2\Project2\Debug\mainwindow.obj
d:\Users\thhy\documents\visual studio 2012\Projects\Project2\Project2\Debug\myurl.obj
d:\Users\thhy\documents\visual studio 2012\Projects\Project2\Project2\Debug\paserurl.obj
d:\Users\thhy\documents\visual studio 2012\Projects\Project2\Project2\Debug\simplehash.obj
d:\Users\thhy\documents\visual studio 2012\Projects\Project2\Project2\Debug\cl.command.1.tlog
d:\Users\thhy\documents\visual studio 2012\Projects\Project2\Project2\Debug\CL.read.1.tlog
d:\Users\thhy\documents\visual studio 2012\Projects\Project2\Project2\Debug\CL.write.1.tlog
d:\Users\thhy\documents\visual studio 2012\Projects\Project2\Project2\Debug\link-cvtres.read.1.tlog
d:\Users\thhy\documents\visual studio 2012\Projects\Project2\Project2\Debug\link-cvtres.write.1.tlog
d:\Users\thhy\documents\visual studio 2012\Projects\Project2\Project2\Debug\link-rc.read.1.tlog
d:\Users\thhy\documents\visual studio 2012\Projects\Project2\Project2\Debug\link-rc.write.1.tlog
d:\Users\thhy\documents\visual studio 2012\Projects\Project2\Project2\Debug\link.command.1.tlog
d:\Users\thhy\documents\visual studio 2012\Projects\Project2\Project2\Debug\link.read.1.tlog
d:\Users\thhy\documents\visual studio 2012\Projects\Project2\Project2\Debug\link.write.1.tlog
d:\Users\thhy\documents\visual studio 2012\Projects\Project2\Project2\Debug\vc110.idb
d:\Users\thhy\documents\visual studio 2012\Projects\Project2\Project2\Debug\vc110.pdb
d:\users\thhy\documents\visual studio 2012\Projects\Project2\Debug\Project2.pdb
