生成启动时间为 2016/5/7 星期六 11:02:12。
     1>项目“D:\Users\thhy\Documents\Visual Studio 2012\Projects\Project2\Project2\Project2.vcxproj”在节点 2 上(Build 个目标)。
     1>ClCompile:
         D:\Program Files (x86)\Microsoft Visual Studio 11.0\VC\bin\x86_amd64\CL.exe /c /Zi /nologo /W3 /WX- /Od /D CURL_STATICLIB /D _MBCS /Gm /EHsc /RTC1 /MDd /GS /fp:precise /Zc:wchar_t /Zc:forScope /Fo"x64\Debug\\" /Fd"x64\Debug\vc110.pdb" /Gd /TP /errorReport:prompt spliterWords.cpp
         spliterWords.cpp
     1>spliterWords.cpp(15): warning C4267: “初始化”: 从“size_t”转换到“int”，可能丢失数据
     1>spliterWords.cpp(22): warning C4267: “=”: 从“size_t”转换到“int”，可能丢失数据
     1>d:\users\thhy\documents\visual studio 2012\projects\project2\project2\spliterwords.cpp(74): warning C4715: “SpliterWords::removeStopWords”: 不是所有的控件路径都返回值
     1>cl : 命令行 warning D9028: 最小重新生成失败，正在转换为标准生成
       Link:
         D:\Program Files (x86)\Microsoft Visual Studio 11.0\VC\bin\x86_amd64\link.exe /ERRORREPORT:PROMPT /OUT:"D:\Users\thhy\Documents\Visual Studio 2012\Projects\Project2\x64\Debug\Project2.exe" /INCREMENTAL /NOLOGO /LIBPATH:"D:\Users\thhy\Documents\Visual Studio 2012\Projects\Project2\Project2" kernel32.lib user32.lib gdi32.lib winspool.lib comdlg32.lib advapi32.lib shell32.lib ole32.lib oleaut32.lib uuid.lib odbc32.lib odbccp32.lib /MANIFEST /MANIFESTUAC:"level='asInvoker' uiAccess='false'" /manifest:embed /DEBUG /PDB:"D:\Users\thhy\Documents\Visual Studio 2012\Projects\Project2\x64\Debug\Project2.pdb" /TLBID:1 /DYNAMICBASE /NXCOMPAT /IMPLIB:"D:\Users\thhy\Documents\Visual Studio 2012\Projects\Project2\x64\Debug\Project2.lib" /MACHINE:X64 x64\Debug\bloomfliter.obj
         x64\Debug\caculateass.obj
         x64\Debug\downloadurl.obj
         x64\Debug\insertsql.obj
         x64\Debug\main.obj
         x64\Debug\mainwindow.obj
         x64\Debug\myurl.obj
         x64\Debug\paserurl.obj
         x64\Debug\simplehash.obj
         x64\Debug\spliterWords.obj
            正在创建库 D:\Users\thhy\Documents\Visual Studio 2012\Projects\Project2\x64\Debug\Project2.lib 和对象 D:\Users\thhy\Documents\Visual Studio 2012\Projects\Project2\x64\Debug\Project2.exp
         Project2.vcxproj -> D:\Users\thhy\Documents\Visual Studio 2012\Projects\Project2\x64\Debug\Project2.exe
     1>已完成生成项目“D:\Users\thhy\Documents\Visual Studio 2012\Projects\Project2\Project2\Project2.vcxproj”(Build 个目标)的操作。

生成成功。

已用时间 00:00:01.88
